<?xml version="1.0" encoding="UTF-8" ?>
<testsuite tests="30" failures="0" name="Java_TTT.players.HardAITest" time="2.595" errors="0" skipped="0">
  <properties>
    <property name="java.runtime.name" value="Java(TM) SE Runtime Environment"/>
    <property name="sun.boot.library.path" value="/Library/Java/JavaVirtualMachines/jdk1.8.0_31.jdk/Contents/Home/jre/lib"/>
    <property name="java.vm.version" value="25.31-b07"/>
    <property name="gopherProxySet" value="false"/>
    <property name="java.vm.vendor" value="Oracle Corporation"/>
    <property name="java.vendor.url" value="http://java.oracle.com/"/>
    <property name="path.separator" value=":"/>
    <property name="guice.disable.misplaced.annotation.check" value="true"/>
    <property name="java.vm.name" value="Java HotSpot(TM) 64-Bit Server VM"/>
    <property name="file.encoding.pkg" value="sun.io"/>
    <property name="user.country" value="US"/>
    <property name="sun.java.launcher" value="SUN_STANDARD"/>
    <property name="sun.os.patch.level" value="unknown"/>
    <property name="java.vm.specification.name" value="Java Virtual Machine Specification"/>
    <property name="user.dir" value="/Users/test/code/javaTicTacToeMinimax"/>
    <property name="java.runtime.version" value="1.8.0_31-b13"/>
    <property name="java.awt.graphicsenv" value="sun.awt.CGraphicsEnvironment"/>
    <property name="java.endorsed.dirs" value="/Library/Java/JavaVirtualMachines/jdk1.8.0_31.jdk/Contents/Home/jre/lib/endorsed"/>
    <property name="os.arch" value="x86_64"/>
    <property name="java.io.tmpdir" value="/var/folders/_p/kx692vyn33d06915sdvy0bz80000gn/T/"/>
    <property name="line.separator" value="
"/>
    <property name="java.vm.specification.vendor" value="Oracle Corporation"/>
    <property name="os.name" value="Mac OS X"/>
    <property name="classworlds.conf" value="/usr/local/Cellar/maven/3.2.5/libexec/bin/m2.conf"/>
    <property name="sun.jnu.encoding" value="UTF-8"/>
    <property name="java.library.path" value="/Users/test/Library/Java/Extensions:/Library/Java/Extensions:/Network/Library/Java/Extensions:/System/Library/Java/Extensions:/usr/lib/java:."/>
    <property name="java.specification.name" value="Java Platform API Specification"/>
    <property name="java.class.version" value="52.0"/>
    <property name="sun.management.compiler" value="HotSpot 64-Bit Tiered Compilers"/>
    <property name="os.version" value="10.9.5"/>
    <property name="http.nonProxyHosts" value="local|*.local|169.254/16|*.169.254/16"/>
    <property name="user.home" value="/Users/test"/>
    <property name="user.timezone" value="America/Chicago"/>
    <property name="java.awt.printerjob" value="sun.lwawt.macosx.CPrinterJob"/>
    <property name="java.specification.version" value="1.8"/>
    <property name="file.encoding" value="UTF-8"/>
    <property name="user.name" value="test"/>
    <property name="java.class.path" value="/usr/local/Cellar/maven/3.2.5/libexec/boot/plexus-classworlds-2.5.2.jar"/>
    <property name="java.vm.specification.version" value="1.8"/>
    <property name="sun.arch.data.model" value="64"/>
    <property name="java.home" value="/Library/Java/JavaVirtualMachines/jdk1.8.0_31.jdk/Contents/Home/jre"/>
    <property name="sun.java.command" value="org.codehaus.plexus.classworlds.launcher.Launcher package"/>
    <property name="java.specification.vendor" value="Oracle Corporation"/>
    <property name="user.language" value="en"/>
    <property name="awt.toolkit" value="sun.lwawt.macosx.LWCToolkit"/>
    <property name="java.vm.info" value="mixed mode"/>
    <property name="java.version" value="1.8.0_31"/>
    <property name="java.ext.dirs" value="/Users/test/Library/Java/Extensions:/Library/Java/JavaVirtualMachines/jdk1.8.0_31.jdk/Contents/Home/jre/lib/ext:/Library/Java/Extensions:/Network/Library/Java/Extensions:/System/Library/Java/Extensions:/usr/lib/java"/>
    <property name="sun.boot.class.path" value="/Library/Java/JavaVirtualMachines/jdk1.8.0_31.jdk/Contents/Home/jre/lib/resources.jar:/Library/Java/JavaVirtualMachines/jdk1.8.0_31.jdk/Contents/Home/jre/lib/rt.jar:/Library/Java/JavaVirtualMachines/jdk1.8.0_31.jdk/Contents/Home/jre/lib/sunrsasign.jar:/Library/Java/JavaVirtualMachines/jdk1.8.0_31.jdk/Contents/Home/jre/lib/jsse.jar:/Library/Java/JavaVirtualMachines/jdk1.8.0_31.jdk/Contents/Home/jre/lib/jce.jar:/Library/Java/JavaVirtualMachines/jdk1.8.0_31.jdk/Contents/Home/jre/lib/charsets.jar:/Library/Java/JavaVirtualMachines/jdk1.8.0_31.jdk/Contents/Home/jre/lib/jfr.jar:/Library/Java/JavaVirtualMachines/jdk1.8.0_31.jdk/Contents/Home/jre/classes"/>
    <property name="java.vendor" value="Oracle Corporation"/>
    <property name="maven.home" value="/usr/local/Cellar/maven/3.2.5/libexec"/>
    <property name="file.separator" value="/"/>
    <property name="java.vendor.url.bug" value="http://bugreport.sun.com/bugreport/"/>
    <property name="sun.cpu.endian" value="little"/>
    <property name="sun.io.unicode.encoding" value="UnicodeBig"/>
    <property name="socksNonProxyHosts" value="local|*.local|169.254/16|*.169.254/16"/>
    <property name="ftp.nonProxyHosts" value="local|*.local|169.254/16|*.169.254/16"/>
    <property name="sun.cpu.isalist" value=""/>
  </properties>
  <testcase classname="Java_TTT.players.HardAITest" name="blocksOpponentWinOn4x4Board" time="0.002"/>
  <testcase classname="Java_TTT.players.HardAITest" name="returnsWinningSpotWhenThereAreSixSpotsOnTheBoard" time="0"/>
  <testcase classname="Java_TTT.players.HardAITest" name="returnsBlockIfCompCannotWinInNextMove" time="0"/>
  <testcase classname="Java_TTT.players.HardAITest" name="benchmarkTestForDepth6On3x3BoardReturnsCorrectMove" time="0.003"/>
  <testcase classname="Java_TTT.players.HardAITest" name="returnsBestMoveAfterOpponentPlacesFirstMove" time="0.011"/>
  <testcase classname="Java_TTT.players.HardAITest" name="AIWinsIfBoardHasThreeInARow" time="0"/>
  <testcase classname="Java_TTT.players.HardAITest" name="benchmarkTestForDepth5On4x4Board" time="0.705"/>
  <testcase classname="Java_TTT.players.HardAITest" name="picksMoveAgainstOpponentOn4x4Board" time="0.538"/>
  <testcase classname="Java_TTT.players.HardAITest" name="picksFirstMoveOn4x4Board" time="0.035"/>
  <testcase classname="Java_TTT.players.HardAITest" name="returnsWinningMoveIfFiveSpacesLeft" time="0.001"/>
  <testcase classname="Java_TTT.players.HardAITest" name="makesMoveOn4x4BoardToWin" time="0.009"/>
  <testcase classname="Java_TTT.players.HardAITest" name="benchmarkTestForDepth4On4x4BoardGetsCorrectMove" time="0.655"/>
  <testcase classname="Java_TTT.players.HardAITest" name="returnsBlockingMove" time="0.004"/>
  <testcase classname="Java_TTT.players.HardAITest" name="getsMoveToBlockOn4x4Board" time="0.008"/>
  <testcase classname="Java_TTT.players.HardAITest" name="XWinsIfBoardHas4InARow" time="0"/>
  <testcase classname="Java_TTT.players.HardAITest" name="picksThirdMoveOn4x4Board" time="0.129"/>
  <testcase classname="Java_TTT.players.HardAITest" name="returnsWinForItselfOn4x4Board" time="0.008"/>
  <testcase classname="Java_TTT.players.HardAITest" name="returnsBlockForOpponent" time="0.002"/>
  <testcase classname="Java_TTT.players.HardAITest" name="returnsWinForItselfRatherThanBlockingOpponentFromWinning" time="0"/>
  <testcase classname="Java_TTT.players.HardAITest" name="testForCatsGame" time="0"/>
  <testcase classname="Java_TTT.players.HardAITest" name="returnsWinningMoveAndBlocksOpponent" time="0"/>
  <testcase classname="Java_TTT.players.HardAITest" name="picksWinningMoveOn4x4Board" time="0.002"/>
  <testcase classname="Java_TTT.players.HardAITest" name="makesMoveToWinInNextMoveOn4x4Board" time="0.001"/>
  <testcase classname="Java_TTT.players.HardAITest" name="OWinsIfBoardHas4InARow" time="0.001"/>
  <testcase classname="Java_TTT.players.HardAITest" name="returnsWinForItself" time="0"/>
  <testcase classname="Java_TTT.players.HardAITest" name="XWinsIfBoardHasThreeInARow" time="0"/>
  <testcase classname="Java_TTT.players.HardAITest" name="picksASpaceIfBoardEmpty" time="0.006"/>
  <testcase classname="Java_TTT.players.HardAITest" name="benchmarkTestForDepth6On4x4BoardGetsCorrectMoveScenarioOne" time="0.009"/>
  <testcase classname="Java_TTT.players.HardAITest" name="benchmarkTestForDepth6On4x4BoardGetsCorrectMoveScenarioTwo" time="0.461"/>
  <testcase classname="Java_TTT.players.HardAITest" name="benchmarkTestForDepth6On3x3BoardReturnsMiddleSpace" time="0.005"/>
</testsuite>